2026-05-09 18:06:59,408 [INFO] Starting fotocasa scraper for Valencia Province
2026-05-09 18:07:00,503 [INFO] Total listings: 17143, Pages to scrape: 553
2026-05-09 18:07:00,507 [INFO] Page 1: 31 listings. Total: 31
2026-05-09 18:07:18,580 [INFO] Page 5/553. Total: 155
2026-05-09 18:07:45,016 [INFO] Page 10/553: 31 listings. Total: 310
2026-05-09 18:08:10,845 [INFO] Page 15/553. Total: 465
2026-05-09 18:08:38,224 [WARNING] BLOCKED on page 20
2026-05-09 18:08:38,224 [WARNING] Blocked! Waiting 45s... (error 1/5)
2026-05-09 18:09:52,267 [INFO] Page 25/553. Total: 744
2026-05-09 18:10:18,501 [INFO] Page 30/553: 31 listings. Total: 899
2026-05-09 18:10:44,838 [INFO] Page 35/553. Total: 1054
2026-05-09 18:11:10,705 [INFO] Page 40/553: 31 listings. Total: 1209
2026-05-09 18:11:39,403 [INFO] Page 45/553. Total: 1364
2026-05-09 18:12:03,555 [INFO] Page 50/553: 31 listings. Total: 1519
2026-05-09 18:12:28,663 [INFO] Page 55/553. Total: 1674
2026-05-09 18:12:33,613 [WARNING] BLOCKED on page 56
2026-05-09 18:12:33,613 [WARNING] Blocked! Waiting 45s... (error 1/5)
2026-05-09 18:13:39,084 [INFO] Page 60/553: 31 listings. Total: 1798
2026-05-09 18:14:02,102 [INFO] Page 65/553. Total: 1953
2026-05-09 18:14:25,315 [INFO] Page 70/553: 31 listings. Total: 2108
2026-05-09 18:14:52,172 [INFO] Page 75/553. Total: 2263
2026-05-09 18:15:15,840 [INFO] Page 80/553: 31 listings. Total: 2418
2026-05-09 18:15:39,837 [INFO] Page 85/553. Total: 2573
2026-05-09 18:16:06,507 [INFO] Page 90/553: 31 listings. Total: 2728
2026-05-09 18:16:22,716 [WARNING] BLOCKED on page 93
2026-05-09 18:16:22,716 [WARNING] Blocked! Waiting 45s... (error 1/5)
2026-05-09 18:17:17,885 [INFO] Page 95/553. Total: 2852
2026-05-09 18:17:35,133 [WARNING] BLOCKED on page 99
2026-05-09 18:17:35,133 [WARNING] Blocked! Waiting 45s... (error 1/5)
2026-05-09 18:18:26,517 [INFO] Page 100/553: 31 listings. Total: 2976
2026-05-09 18:18:49,846 [WARNING] BLOCKED on page 105
2026-05-09 18:18:49,846 [WARNING] Blocked! Waiting 45s... (error 1/5)
2026-05-09 18:19:55,427 [WARNING] BLOCKED on page 109
2026-05-09 18:19:55,428 [WARNING] Blocked! Waiting 45s... (error 1/5)
2026-05-09 18:20:45,790 [INFO] Page 110/553: 31 listings. Total: 3224
2026-05-09 18:21:10,649 [INFO] Page 115/553. Total: 3379
2026-05-09 18:21:35,745 [WARNING] BLOCKED on page 119
2026-05-09 18:21:35,746 [WARNING] Blocked! Waiting 45s... (error 1/5)
2026-05-09 18:22:26,640 [INFO] Page 120/553: 31 listings. Total: 3503
2026-05-09 18:22:49,871 [WARNING] BLOCKED on page 125
2026-05-09 18:22:49,871 [WARNING] Blocked! Waiting 45s... (error 1/5)
2026-05-09 18:23:58,772 [INFO] Page 130/553: 31 listings. Total: 3782
2026-05-09 18:24:09,734 [WARNING] BLOCKED on page 132
2026-05-09 18:24:09,735 [WARNING] Blocked! Waiting 45s... (error 1/5)
2026-05-09 18:25:13,272 [INFO] Page 135/553. Total: 3906
2026-05-09 18:25:27,523 [WARNING] BLOCKED on page 138
2026-05-09 18:25:27,524 [WARNING] Blocked! Waiting 45s... (error 1/5)
2026-05-09 18:26:22,968 [INFO] Page 140/553: 31 listings. Total: 4030
2026-05-09 18:26:47,175 [WARNING] BLOCKED on page 145
2026-05-09 18:26:47,175 [WARNING] Blocked! Waiting 45s... (error 1/5)
2026-05-09 18:27:56,007 [INFO] Page 150/553: 31 listings. Total: 4309
2026-05-09 18:28:01,305 [WARNING] BLOCKED on page 151
2026-05-09 18:28:01,306 [WARNING] Blocked! Waiting 45s... (error 1/5)
2026-05-09 18:29:07,240 [INFO] Page 155/553. Total: 4433
2026-05-09 18:29:20,805 [WARNING] BLOCKED on page 158
2026-05-09 18:29:20,805 [WARNING] Blocked! Waiting 45s... (error 1/5)
2026-05-09 18:30:16,432 [INFO] Page 160/553: 31 listings. Total: 4557
2026-05-09 18:30:37,255 [WARNING] BLOCKED on page 164
2026-05-09 18:30:37,255 [WARNING] Blocked! Waiting 45s... (error 1/5)
2026-05-09 18:31:26,996 [INFO] Page 165/553. Total: 4681
2026-05-09 18:31:52,050 [WARNING] BLOCKED on page 170
2026-05-09 18:31:52,051 [WARNING] Blocked! Waiting 45s... (error 1/5)
2026-05-09 18:33:00,543 [INFO] Page 175/553. Total: 4960
2026-05-09 18:33:05,141 [WARNING] BLOCKED on page 176
2026-05-09 18:33:05,142 [WARNING] Blocked! Waiting 45s... (error 1/5)
2026-05-09 18:33:56,545 [WARNING] BLOCKED on page 177
2026-05-09 18:33:56,546 [WARNING] Blocked! Waiting 60s... (error 2/5)
2026-05-09 18:35:12,386 [INFO] Page 180/553: 31 listings. Total: 5053
2026-05-09 18:35:37,926 [INFO] Page 185/553. Total: 5208
2026-05-09 18:36:00,724 [INFO] Page 190/553: 31 listings. Total: 5363
2026-05-09 18:36:03,872 [WARNING] BLOCKED on page 191
2026-05-09 18:36:03,872 [WARNING] Blocked! Waiting 45s... (error 1/5)
2026-05-09 18:37:13,723 [INFO] Page 195/553. Total: 5487
2026-05-09 18:37:27,626 [WARNING] BLOCKED on page 198
2026-05-09 18:37:27,626 [WARNING] Blocked! Waiting 45s... (error 1/5)
2026-05-09 18:38:23,778 [INFO] Page 200/553: 31 listings. Total: 5611
2026-05-09 18:38:49,396 [WARNING] BLOCKED on page 205
2026-05-09 18:38:49,397 [WARNING] Blocked! Waiting 45s... (error 1/5)
2026-05-09 18:40:00,369 [INFO] Page 210/553: 31 listings. Total: 5890
2026-05-09 18:40:09,985 [WARNING] BLOCKED on page 212
2026-05-09 18:40:09,985 [WARNING] Blocked! Waiting 45s... (error 1/5)
2026-05-09 18:41:09,934 [WARNING] BLOCKED on page 215
2026-05-09 18:41:09,935 [WARNING] Blocked! Waiting 45s... (error 1/5)
2026-05-09 18:42:16,430 [INFO] Page 220/553: 31 listings. Total: 6138
2026-05-09 18:42:36,748 [WARNING] BLOCKED on page 224
2026-05-09 18:42:36,748 [WARNING] Blocked! Waiting 45s... (error 1/5)
2026-05-09 18:43:26,272 [INFO] Page 225/553. Total: 6262
2026-05-09 18:43:53,266 [INFO] Page 230/553: 31 listings. Total: 6417
2026-05-09 18:43:58,324 [WARNING] BLOCKED on page 231
2026-05-09 18:43:58,326 [WARNING] Blocked! Waiting 45s... (error 1/5)
2026-05-09 18:45:05,552 [INFO] Page 235/553. Total: 6541
2026-05-09 18:45:21,484 [WARNING] BLOCKED on page 238
2026-05-09 18:45:21,484 [WARNING] Blocked! Waiting 45s... (error 1/5)
2026-05-09 18:46:17,816 [INFO] Page 240/553: 31 listings. Total: 6665
2026-05-09 18:46:36,548 [WARNING] BLOCKED on page 244
2026-05-09 18:46:36,548 [WARNING] Blocked! Waiting 45s... (error 1/5)
2026-05-09 18:47:25,836 [INFO] Page 245/553. Total: 6789
2026-05-09 18:47:53,075 [INFO] Page 250/553: 31 listings. Total: 6944
2026-05-09 18:47:58,329 [WARNING] BLOCKED on page 251
2026-05-09 18:47:58,330 [WARNING] Blocked! Waiting 45s... (error 1/5)
2026-05-09 18:49:03,033 [INFO] Page 255/553. Total: 7068
2026-05-09 18:49:12,931 [WARNING] BLOCKED on page 257
2026-05-09 18:49:12,932 [WARNING] Blocked! Waiting 45s... (error 1/5)
2026-05-09 18:50:16,334 [INFO] Page 260/553: 31 listings. Total: 7192
2026-05-09 18:50:34,662 [WARNING] BLOCKED on page 264
2026-05-09 18:50:34,662 [WARNING] Blocked! Waiting 45s... (error 1/5)
2026-05-09 18:51:24,232 [INFO] Page 265/553. Total: 7316
2026-05-09 18:51:50,535 [WARNING] BLOCKED on page 270
2026-05-09 18:51:50,535 [WARNING] Blocked! Waiting 45s... (error 1/5)
2026-05-09 18:53:01,963 [INFO] Page 275/553. Total: 7595
2026-05-09 18:53:12,911 [WARNING] BLOCKED on page 277
2026-05-09 18:53:12,911 [WARNING] Blocked! Waiting 45s... (error 1/5)
2026-05-09 18:54:13,191 [INFO] Page 280/553: 31 listings. Total: 7719
2026-05-09 18:54:27,956 [WARNING] BLOCKED on page 283
2026-05-09 18:54:27,956 [WARNING] Blocked! Waiting 45s... (error 1/5)
2026-05-09 18:55:25,128 [INFO] Page 285/553. Total: 7843
2026-05-09 18:55:52,185 [WARNING] BLOCKED on page 290
2026-05-09 18:55:52,186 [WARNING] Blocked! Waiting 45s... (error 1/5)
2026-05-09 18:57:07,038 [INFO] Page 295/553. Total: 8122
2026-05-09 18:57:21,663 [WARNING] BLOCKED on page 298
2026-05-09 18:57:21,663 [WARNING] Blocked! Waiting 45s... (error 1/5)
2026-05-09 18:58:17,648 [INFO] Page 300/553: 31 listings. Total: 8246
2026-05-09 18:58:36,465 [WARNING] BLOCKED on page 304
2026-05-09 18:58:36,465 [WARNING] Blocked! Waiting 45s... (error 1/5)
2026-05-09 18:59:26,414 [INFO] Page 305/553. Total: 8370
2026-05-09 18:59:53,594 [INFO] Page 310/553: 31 listings. Total: 8525
2026-05-09 18:59:59,096 [WARNING] BLOCKED on page 311
2026-05-09 18:59:59,097 [WARNING] Blocked! Waiting 45s... (error 1/5)
2026-05-09 19:01:04,739 [INFO] Page 315/553. Total: 8649
2026-05-09 19:01:13,266 [WARNING] BLOCKED on page 317
2026-05-09 19:01:13,267 [WARNING] Blocked! Waiting 45s... (error 1/5)
2026-05-09 19:02:13,056 [INFO] Page 320/553: 31 listings. Total: 8773
2026-05-09 19:02:30,894 [WARNING] BLOCKED on page 323
2026-05-09 19:02:30,894 [WARNING] Blocked! Waiting 45s... (error 1/5)
2026-05-09 19:03:29,063 [INFO] Page 325/553. Total: 8897
2026-05-09 19:03:57,815 [INFO] Page 330/553: 31 listings. Total: 9052
2026-05-09 19:04:01,828 [WARNING] BLOCKED on page 331
2026-05-09 19:04:01,829 [WARNING] Blocked! Waiting 45s... (error 1/5)
2026-05-09 19:05:07,913 [INFO] Page 335/553. Total: 9176
2026-05-09 19:05:23,382 [WARNING] BLOCKED on page 338
2026-05-09 19:05:23,383 [WARNING] Blocked! Waiting 45s... (error 1/5)
2026-05-09 19:06:17,543 [INFO] Page 340/553: 31 listings. Total: 9300
2026-05-09 19:06:35,776 [WARNING] BLOCKED on page 344
2026-05-09 19:06:35,778 [WARNING] Blocked! Waiting 45s... (error 1/5)
2026-05-09 19:07:25,412 [INFO] Page 345/553. Total: 9424
2026-05-09 19:07:46,306 [WARNING] BLOCKED on page 350
2026-05-09 19:07:46,306 [WARNING] Blocked! Waiting 45s... (error 1/5)
2026-05-09 19:08:56,764 [INFO] Page 355/553. Total: 9703
2026-05-09 19:09:01,647 [WARNING] BLOCKED on page 356
2026-05-09 19:09:01,648 [WARNING] Blocked! Waiting 45s... (error 1/5)
2026-05-09 19:10:08,154 [INFO] Page 360/553: 31 listings. Total: 9827
2026-05-09 19:10:24,778 [WARNING] BLOCKED on page 363
2026-05-09 19:10:24,779 [WARNING] Blocked! Waiting 45s... (error 1/5)
2026-05-09 19:11:20,719 [INFO] Page 365/553. Total: 9951
2026-05-09 19:11:38,638 [WARNING] BLOCKED on page 369
2026-05-09 19:11:38,638 [WARNING] Blocked! Waiting 45s... (error 1/5)
2026-05-09 19:12:27,753 [INFO] Page 370/553: 31 listings. Total: 10075
2026-05-09 19:12:50,860 [WARNING] BLOCKED on page 375
2026-05-09 19:12:50,861 [WARNING] Blocked! Waiting 45s... (error 1/5)
2026-05-09 19:13:59,093 [INFO] Page 380/553: 31 listings. Total: 10354
2026-05-09 19:14:08,815 [WARNING] BLOCKED on page 382
2026-05-09 19:14:08,815 [WARNING] Blocked! Waiting 45s... (error 1/5)
2026-05-09 19:15:09,803 [INFO] Page 385/553. Total: 10478
2026-05-09 19:15:26,053 [WARNING] BLOCKED on page 388
2026-05-09 19:15:26,054 [WARNING] Blocked! Waiting 45s... (error 1/5)
2026-05-09 19:16:22,687 [INFO] Page 390/553: 31 listings. Total: 10602
2026-05-09 19:16:51,961 [WARNING] BLOCKED on page 395
2026-05-09 19:16:51,962 [WARNING] Blocked! Waiting 45s... (error 1/5)
2026-05-09 19:18:04,258 [INFO] Page 400/553: 31 listings. Total: 10881
2026-05-09 19:18:11,749 [WARNING] BLOCKED on page 402
2026-05-09 19:18:11,749 [WARNING] Blocked! Waiting 45s... (error 1/5)
2026-05-09 19:19:13,871 [INFO] Page 405/553. Total: 11005
2026-05-09 19:19:34,146 [WARNING] BLOCKED on page 409
2026-05-09 19:19:34,146 [WARNING] Blocked! Waiting 45s... (error 1/5)
2026-05-09 19:20:24,464 [INFO] Page 410/553: 31 listings. Total: 11129
2026-05-09 19:20:48,394 [WARNING] BLOCKED on page 415
2026-05-09 19:20:48,394 [WARNING] Blocked! Waiting 45s... (error 1/5)
2026-05-09 19:22:02,061 [INFO] Page 420/553: 31 listings. Total: 11408
2026-05-09 19:22:13,125 [WARNING] BLOCKED on page 422
2026-05-09 19:22:13,125 [WARNING] Blocked! Waiting 45s... (error 1/5)
2026-05-09 19:23:14,997 [INFO] Page 425/553. Total: 11532
2026-05-09 19:23:34,894 [WARNING] BLOCKED on page 429
2026-05-09 19:23:34,894 [WARNING] Blocked! Waiting 45s... (error 1/5)
2026-05-09 19:24:27,172 [INFO] Page 430/553: 31 listings. Total: 11656
2026-05-09 19:24:50,110 [WARNING] BLOCKED on page 435
2026-05-09 19:24:50,110 [WARNING] Blocked! Waiting 45s... (error 1/5)
2026-05-09 19:26:03,583 [INFO] Page 440/553: 31 listings. Total: 11935
2026-05-09 19:26:12,640 [WARNING] BLOCKED on page 442
2026-05-09 19:26:12,640 [WARNING] Blocked! Waiting 45s... (error 1/5)
2026-05-09 19:27:15,865 [INFO] Page 445/553. Total: 12059
2026-05-09 19:27:37,297 [WARNING] BLOCKED on page 449
2026-05-09 19:27:37,297 [WARNING] Blocked! Waiting 45s... (error 1/5)
2026-05-09 19:28:28,683 [INFO] Page 450/553: 31 listings. Total: 12183
2026-05-09 19:28:50,463 [WARNING] BLOCKED on page 455
2026-05-09 19:28:50,464 [WARNING] Blocked! Waiting 45s... (error 1/5)
2026-05-09 19:29:57,598 [INFO] Page 460/553: 31 listings. Total: 12462
2026-05-09 19:30:02,432 [WARNING] BLOCKED on page 461
2026-05-09 19:30:02,432 [WARNING] Blocked! Waiting 45s... (error 1/5)
2026-05-09 19:31:07,838 [INFO] Page 465/553. Total: 12586
2026-05-09 19:31:15,729 [WARNING] BLOCKED on page 467
2026-05-09 19:31:15,729 [WARNING] Blocked! Waiting 45s... (error 1/5)
2026-05-09 19:32:16,432 [INFO] Page 470/553: 31 listings. Total: 12710
2026-05-09 19:32:35,111 [WARNING] BLOCKED on page 474
2026-05-09 19:32:35,111 [WARNING] Blocked! Waiting 45s... (error 1/5)
2026-05-09 19:33:26,401 [INFO] Page 475/553. Total: 12834
2026-05-09 19:33:51,998 [WARNING] BLOCKED on page 480
2026-05-09 19:33:51,998 [WARNING] Blocked! Waiting 45s... (error 1/5)
2026-05-09 19:35:01,668 [INFO] Page 485/553. Total: 13113
2026-05-09 19:35:10,664 [WARNING] BLOCKED on page 487
2026-05-09 19:35:10,664 [WARNING] Blocked! Waiting 45s... (error 1/5)
2026-05-09 19:36:11,727 [INFO] Page 490/553: 31 listings. Total: 13237
2026-05-09 19:36:28,019 [WARNING] BLOCKED on page 493
2026-05-09 19:36:28,019 [WARNING] Blocked! Waiting 45s... (error 1/5)
2026-05-09 19:37:23,550 [INFO] Page 495/553. Total: 13361
2026-05-09 19:37:46,502 [WARNING] BLOCKED on page 500
2026-05-09 19:37:46,503 [WARNING] Blocked! Waiting 45s... (error 1/5)
2026-05-09 19:38:53,833 [INFO] Page 505/553. Total: 13640
2026-05-09 19:38:58,871 [WARNING] BLOCKED on page 506
2026-05-09 19:38:58,871 [WARNING] Blocked! Waiting 45s... (error 1/5)
2026-05-09 19:40:06,010 [INFO] Page 510/553: 31 listings. Total: 13764
2026-05-09 19:40:14,925 [WARNING] BLOCKED on page 512
2026-05-09 19:40:14,926 [WARNING] Blocked! Waiting 45s... (error 1/5)
2026-05-09 19:41:17,043 [INFO] Page 515/553. Total: 13888
2026-05-09 19:41:37,106 [WARNING] BLOCKED on page 519
2026-05-09 19:41:37,107 [WARNING] Blocked! Waiting 45s... (error 1/5)
2026-05-09 19:42:26,693 [INFO] Page 520/553: 31 listings. Total: 14012
2026-05-09 19:42:56,972 [INFO] Page 525/553. Total: 14167
2026-05-09 19:43:01,128 [WARNING] BLOCKED on page 526
2026-05-09 19:43:01,129 [WARNING] Blocked! Waiting 45s... (error 1/5)
2026-05-09 19:44:08,141 [INFO] Page 530/553: 31 listings. Total: 14291
2026-05-09 19:44:24,132 [WARNING] BLOCKED on page 533
2026-05-09 19:44:24,132 [WARNING] Blocked! Waiting 45s... (error 1/5)
2026-05-09 19:45:20,920 [INFO] Page 535/553. Total: 14415
2026-05-09 19:45:46,176 [WARNING] BLOCKED on page 540
2026-05-09 19:45:46,177 [WARNING] Blocked! Waiting 45s... (error 1/5)
2026-05-09 19:46:59,574 [INFO] Page 545/553. Total: 14694
2026-05-09 19:47:09,613 [WARNING] BLOCKED on page 547
2026-05-09 19:47:09,614 [WARNING] Blocked! Waiting 45s... (error 1/5)
2026-05-09 19:48:10,724 [INFO] Page 550/553: 31 listings. Total: 14818
2026-05-09 19:48:26,716 [WARNING] BLOCKED on page 553
2026-05-09 19:48:26,716 [WARNING] Blocked! Waiting 45s... (error 1/5)
2026-05-09 19:49:11,718 [INFO] DONE! Scraped 14880 listings across 553 pages -> valencia_houses.csv
